[2024-04-16  09:20:09.352] -> [INFO] : config.ini写入项目环境成功：TEST
[2024-04-16  09:20:11.488] -> [CRITICAL] : 

[2024-04-16  09:20:11.489] -> [CRITICAL] : -------------------开始获取登录信息[base_login表]-------------------
[2024-04-16  09:20:11.540] -> [INFO] : <<获取用例数据成功>>获取base_login.id=zmm-1.0的用例数据成功，{'case_id': 'zmm-1.0', 'creator': '张某某', 'project_name': 'BlogProject', 'case_module': '登录', 'case_name': '账密登录成功', 'api_way': 'POST', 'headers': None, 'case_url': '/api/login', 'case_param': '{"username":"test","password":"123456"}', 'assert': '包含&&{"code":"200","data":"9779dd9e-aa3d-435f-a431-e699a67fe616","message":"登录成功！","success":true}&&', 'prepose_control': None, 'postpose_control': 'BlogProject_token=jsonpath_rela.data', 'relevance_page': None, 'developer': '开发者', 'created_time': datetime.date(2023, 3, 10), 'text': None, 'is_deleted': 0}
[2024-04-16  09:20:11.551] -> [INFO] : <<请求头设置成功>>{'content-type': 'application/json; charset=UTF-8', 'X-Ca-Stage': 'TEST'}
[2024-04-16  09:20:11.553] -> [INFO] : <<获取接口地址成功>>http://127.0.0.1:5000/api/login
[2024-04-16  09:20:11.553] -> [INFO] : <<获取传参成功>>{"username":"test","password":"123456"}
[2024-04-16  09:20:11.558] -> [INFO] : <<post接口请求成功>>{"code": "200", "data": "9779dd9e-aa3d-435f-a431-e699a67fe616", "message": "登录成功！", "success": true}
[2024-04-16  09:20:11.559] -> [INFO] : <<开始后置处理>>
[2024-04-16  09:20:11.568] -> [INFO] : <<后置处理结束>>
[2024-04-16  09:20:11.570] -> [CRITICAL] : -----------------------获取登录信息结束-----------------------

[2024-04-16  09:20:11.570] -> [INFO] : ----------------------【测试用例开始执行】----------------------
[2024-04-16  09:20:11.602] -> [INFO] : <<获取用例数据成功>>获取article.id=zmm-1.0的用例数据成功，{'case_id': 'zmm-1.0', 'creator': '张某某', 'project_name': 'BlogProject', 'case_module': '文章管理', 'case_name': '文章列表', 'api_way': 'GET', 'headers': 'token=##BlogProject_token##', 'case_url': '/api/articleList', 'case_param': None, 'assert': '相等&&{"code":"200","data":[{"content":"长风破浪会有时，直挂云帆济沧海。","id":1,"title":"行路难"},{"content":"沉舟侧畔千帆过，病树前头万木春。","id":2,"title":"酬乐天扬州初逢席上见赠"}],"success":true}&&', 'prepose_control': None, 'postpose_control': None, 'relevance_page': None, 'developer': '开发者', 'created_time': datetime.date(2023, 3, 10), 'text': None, 'is_deleted': 0}
[2024-04-16  09:20:11.613] -> [INFO] : <<提取全局变量>>TEST环境，全局变量【BlogProject_token】提取成功，结果：9779dd9e-aa3d-435f-a431-e699a67fe616
[2024-04-16  09:20:11.613] -> [INFO] : <<请求头设置成功>>{'content-type': 'application/json; charset=UTF-8', 'X-Ca-Stage': 'TEST', 'token': '9779dd9e-aa3d-435f-a431-e699a67fe616'}
[2024-04-16  09:20:11.615] -> [INFO] : <<获取接口地址成功>>http://127.0.0.1:5000/api/articleList
[2024-04-16  09:20:11.615] -> [INFO] : <<获取传参成功>>None
[2024-04-16  09:20:11.633] -> [INFO] : <<get接口请求成功>>{"code": "200", "data": [{"content": "长风破浪会有时，直挂云帆济沧海。", "id": 1, "title": "行路难"}, {"content": "沉舟侧畔千帆过，病树前头万木春。", "id": 2, "title": "酬乐天扬州初逢席上见赠"}], "success": true}
[2024-04-16  09:20:11.635] -> [INFO] : 


[2024-04-16  09:20:11.681] -> [INFO] : <<获取用例数据成功>>获取article.id=zmm-1.1的用例数据成功，{'case_id': 'zmm-1.1', 'creator': '张某某', 'project_name': 'BlogProject', 'case_module': '文章管理', 'case_name': '新增文章', 'api_way': 'POST', 'headers': 'token=##BlogProject_token##', 'case_url': '/api/addArticle', 'case_param': '{"id":3, "title":"芙蓉楼送辛渐", "content":"洛阳亲友如相问，一片冰心在玉壶。"}', 'assert': '存在&&添加新文章成功&&；自定义相等&&账密登录成功==##zyc_case_name.case_name##&&', 'prepose_control': 'sleep2', 'postpose_control': "mysql_1.test_cases.zyc_case_name=select case_name from base_login where case_id='zmm-1.0'", 'relevance_page': None, 'developer': '开发者', 'created_time': datetime.date(2023, 3, 10), 'text': None, 'is_deleted': 0}
[2024-04-16  09:20:11.682] -> [INFO] : <<开始前置处理>>
[2024-04-16  09:20:13.691] -> [INFO] : 强制等待2秒
[2024-04-16  09:20:13.693] -> [INFO] : <<前置处理结束>>
[2024-04-16  09:20:13.719] -> [INFO] : <<提取全局变量>>TEST环境，全局变量【BlogProject_token】提取成功，结果：9779dd9e-aa3d-435f-a431-e699a67fe616
[2024-04-16  09:20:13.720] -> [INFO] : <<请求头设置成功>>{'content-type': 'application/json; charset=UTF-8', 'X-Ca-Stage': 'TEST', 'token': '9779dd9e-aa3d-435f-a431-e699a67fe616'}
[2024-04-16  09:20:13.722] -> [INFO] : <<获取接口地址成功>>http://127.0.0.1:5000/api/addArticle
[2024-04-16  09:20:13.724] -> [INFO] : <<获取传参成功>>{"id":3, "title":"芙蓉楼送辛渐", "content":"洛阳亲友如相问，一片冰心在玉壶。"}
[2024-04-16  09:20:13.728] -> [INFO] : <<post接口请求成功>>{"code": "200", "message": "添加新文章成功！", "success": true}
[2024-04-16  09:20:13.729] -> [INFO] : <<开始后置处理>>
[2024-04-16  09:20:13.768] -> [INFO] : <<业务mysql库>>执行business_db_1.test_cases业务库的查询sql[select case_name from base_login where case_id='zmm-1.0']成功，结果为：
{'case_name': '账密登录成功'}
[2024-04-16  09:20:13.779] -> [INFO] : <<后置处理结束>>
[2024-04-16  09:20:13.787] -> [INFO] : <<提取全局变量>>TEST环境，全局变量【zyc_case_name.case_name】提取成功，结果：账密登录成功
[2024-04-16  09:20:13.788] -> [INFO] : 


[2024-04-16  09:20:13.830] -> [INFO] : <<获取用例数据成功>>获取article.id=zmm-1.2的用例数据成功，{'case_id': 'zmm-1.2', 'creator': '张某某', 'project_name': 'BlogProject', 'case_module': '文章管理', 'case_name': '查看新增的文章', 'api_way': 'GET', 'headers': 'token=##BlogProject_token##', 'case_url': '/api/article/3', 'case_param': None, 'assert': '包含&&{"code":"200","data":{"content":"洛阳亲友如相问，一片冰心在玉壶。","id":3,"title":"芙蓉楼送辛渐"},"success":true}&&', 'prepose_control': None, 'postpose_control': None, 'relevance_page': None, 'developer': '开发者', 'created_time': datetime.date(2023, 3, 10), 'text': None, 'is_deleted': 0}
[2024-04-16  09:20:13.839] -> [INFO] : <<提取全局变量>>TEST环境，全局变量【BlogProject_token】提取成功，结果：9779dd9e-aa3d-435f-a431-e699a67fe616
[2024-04-16  09:20:13.840] -> [INFO] : <<请求头设置成功>>{'content-type': 'application/json; charset=UTF-8', 'X-Ca-Stage': 'TEST', 'token': '9779dd9e-aa3d-435f-a431-e699a67fe616'}
[2024-04-16  09:20:13.841] -> [INFO] : <<获取接口地址成功>>http://127.0.0.1:5000/api/article/3
[2024-04-16  09:20:13.842] -> [INFO] : <<获取传参成功>>None
[2024-04-16  09:20:13.861] -> [INFO] : <<get接口请求成功>>{"code": "200", "data": {"content": "洛阳亲友如相问，一片冰心在玉壶。", "id": 3, "title": "芙蓉楼送辛渐"}, "success": true}
[2024-04-16  09:20:13.862] -> [INFO] : 


[2024-04-16  09:20:13.882] -> [INFO] : <<获取用例数据成功>>获取article.id=zmm-1.3的用例数据成功，{'case_id': 'zmm-1.3', 'creator': '张某某', 'project_name': 'BlogProject', 'case_module': '文章管理', 'case_name': '编辑新增的文章', 'api_way': 'PUT', 'headers': 'token=##BlogProject_token##', 'case_url': '/api/updateArticle/3', 'case_param': '{"title":"新-芙蓉楼送辛渐", "content":"洛阳亲友如相问，一片冰心在玉壶。"}', 'assert': '不相等&&{"code":"200","message":"##zyc_case_name.case_name##","success":true}&&', 'prepose_control': 'redis.1.zyc_business_token=hmget qa_TEST_interface_params BlogProject_token', 'postpose_control': None, 'relevance_page': None, 'developer': '开发者', 'created_time': datetime.date(2023, 3, 10), 'text': None, 'is_deleted': 0}
[2024-04-16  09:20:13.884] -> [INFO] : <<开始前置处理>>
[2024-04-16  09:20:13.890] -> [INFO] : <<业务redis操作>>TEST环境BlogProject项目1库，执行redis语句【hmget qa_TEST_interface_params BlogProject_token】成功，结果为：['9779dd9e-aa3d-435f-a431-e699a67fe616']
[2024-04-16  09:20:13.900] -> [INFO] : <<前置处理结束>>
[2024-04-16  09:20:13.910] -> [INFO] : <<提取全局变量>>TEST环境，全局变量【BlogProject_token】提取成功，结果：9779dd9e-aa3d-435f-a431-e699a67fe616
[2024-04-16  09:20:13.910] -> [INFO] : <<请求头设置成功>>{'content-type': 'application/json; charset=UTF-8', 'X-Ca-Stage': 'TEST', 'token': '9779dd9e-aa3d-435f-a431-e699a67fe616'}
[2024-04-16  09:20:13.912] -> [INFO] : <<获取接口地址成功>>http://127.0.0.1:5000/api/updateArticle/3
[2024-04-16  09:20:13.912] -> [INFO] : <<获取传参成功>>{"title":"新-芙蓉楼送辛渐", "content":"洛阳亲友如相问，一片冰心在玉壶。"}
[2024-04-16  09:20:13.938] -> [INFO] : <<put接口请求成功>>{"code": "200", "message": "更新文章信息成功！", "success": true}
[2024-04-16  09:20:13.948] -> [INFO] : <<提取全局变量>>TEST环境，全局变量【zyc_case_name.case_name】提取成功，结果：账密登录成功
[2024-04-16  09:20:13.949] -> [INFO] : 


[2024-04-16  09:20:13.986] -> [INFO] : <<获取用例数据成功>>获取article.id=zmm-1.4的用例数据成功，{'case_id': 'zmm-1.4', 'creator': '张某某', 'project_name': 'BlogProject', 'case_module': '文章管理', 'case_name': '删除新增的文章', 'api_way': 'DELETE', 'headers': 'token=##BlogProject_token##', 'case_url': '/api/deleteArticle/3', 'case_param': None, 'assert': '包含&&"message": "删除文章成功！"&&', 'prepose_control': None, 'postpose_control': 'apiCase.article=zmm-1.0', 'relevance_page': None, 'developer': '开发者', 'created_time': datetime.date(2023, 3, 10), 'text': None, 'is_deleted': 0}
[2024-04-16  09:20:14.003] -> [INFO] : <<提取全局变量>>TEST环境，全局变量【BlogProject_token】提取成功，结果：9779dd9e-aa3d-435f-a431-e699a67fe616
[2024-04-16  09:20:14.004] -> [INFO] : <<请求头设置成功>>{'content-type': 'application/json; charset=UTF-8', 'X-Ca-Stage': 'TEST', 'token': '9779dd9e-aa3d-435f-a431-e699a67fe616'}
[2024-04-16  09:20:14.006] -> [INFO] : <<获取接口地址成功>>http://127.0.0.1:5000/api/deleteArticle/3
[2024-04-16  09:20:14.007] -> [INFO] : <<获取传参成功>>None
[2024-04-16  09:20:14.012] -> [INFO] : <<delete接口请求成功>>{"code": "200", "message": "删除文章成功！", "success": true}
[2024-04-16  09:20:14.013] -> [INFO] : <<开始后置处理>>
[2024-04-16  09:20:14.013] -> [INFO] : -------------------开始调用接口用例[apiCase.article=zmm-1.0]-------------------
[2024-04-16  09:20:14.027] -> [INFO] : <<获取用例数据成功>>获取article.id=zmm-1.0的用例数据成功，{'case_id': 'zmm-1.0', 'creator': '张某某', 'project_name': 'BlogProject', 'case_module': '文章管理', 'case_name': '文章列表', 'api_way': 'GET', 'headers': 'token=##BlogProject_token##', 'case_url': '/api/articleList', 'case_param': None, 'assert': '相等&&{"code":"200","data":[{"content":"长风破浪会有时，直挂云帆济沧海。","id":1,"title":"行路难"},{"content":"沉舟侧畔千帆过，病树前头万木春。","id":2,"title":"酬乐天扬州初逢席上见赠"}],"success":true}&&', 'prepose_control': None, 'postpose_control': None, 'relevance_page': None, 'developer': '开发者', 'created_time': datetime.date(2023, 3, 10), 'text': None, 'is_deleted': 0}
[2024-04-16  09:20:14.038] -> [INFO] : <<提取全局变量>>TEST环境，全局变量【BlogProject_token】提取成功，结果：9779dd9e-aa3d-435f-a431-e699a67fe616
[2024-04-16  09:20:14.038] -> [INFO] : <<请求头设置成功>>{'content-type': 'application/json; charset=UTF-8', 'X-Ca-Stage': 'TEST', 'token': '9779dd9e-aa3d-435f-a431-e699a67fe616'}
[2024-04-16  09:20:14.039] -> [INFO] : <<获取接口地址成功>>http://127.0.0.1:5000/api/articleList
[2024-04-16  09:20:14.040] -> [INFO] : <<获取传参成功>>None
[2024-04-16  09:20:14.062] -> [INFO] : <<get接口请求成功>>{"code": "200", "data": [{"content": "长风破浪会有时，直挂云帆济沧海。", "id": 1, "title": "行路难"}, {"content": "沉舟侧畔千帆过，病树前头万木春。", "id": 2, "title": "酬乐天扬州初逢席上见赠"}], "success": true}
[2024-04-16  09:20:14.064] -> [INFO] : ------------------------调用接口用例结束------------------------
[2024-04-16  09:20:14.064] -> [INFO] : <<后置处理结束>>
[2024-04-16  09:20:14.065] -> [INFO] : 


[2024-04-16  09:20:14.068] -> [INFO] : -----------------------【测试用例执行完毕】-----------------------

